<?xml version="1.0" encoding="UTF-8"?>
<!-- Generated by org.testng.reporters.JUnitReportReporter -->
<testsuite hostname="DESKTOP-137NM9T" failures="0" tests="1" name="WebpageNavigation" time="6.870" errors="0" timestamp="09 Jan 2024 17:12:01 GMT" skipped="0">
  <testcase classname="WebpageNavigation" name="webpageNavigation" time="6.870"/>
</testsuite> <!-- WebpageNavigation -->
