<?xml version="1.0" encoding="UTF-8"?>
<!-- Generated by org.testng.reporters.JUnitReportReporter -->
<testsuite hostname="DESKTOP-137NM9T" failures="0" tests="1" name="TutorialsninjaLogin" time="8.085" errors="0" timestamp="09 Jan 2024 16:26:10 GMT" skipped="0">
  <testcase classname="TutorialsninjaLogin" name="loginWithValidCredentials" time="8.085"/>
</testsuite> <!-- TutorialsninjaLogin -->
