<?xml version="1.0" encoding="UTF-8"?>
<!-- Generated by org.testng.reporters.JUnitReportReporter -->
<testsuite hostname="DESKTOP-137NM9T" failures="0" tests="1" name="LandingPage" time="11.598" errors="0" timestamp="2024-01-12T14:39:05 EST" skipped="0">
  <testcase classname="LandingPage" name="navigateToWebpage" time="11.598"/>
</testsuite> <!-- LandingPage -->
